[0.030s] Invoking command in '/home/vencel/ros2_ws/src/Vonalkovetes-szinfelismeressel-/build/tb3_project': CMAKE_PREFIX_PATH=${CMAKE_PREFIX_PATH}:/home/vencel/ros2_ws/install/turtlebot3_teleop:/home/vencel/ros2_ws/install/turtlebot3_example:/home/vencel/ros2_ws/install/turtlebot3_mogi_py:/home/vencel/ros2_ws/install/tb3_project_py:/home/vencel/ros2_ws/install/mogi_trajectory_server:/home/vencel/ros2_ws/install/bme_ros2_tutorials_py:/home/vencel/ros2_ws/install/bme_gazebo_sensors_py:/opt/ros/jazzy DEBUGINFOD_URLS=https://debuginfod.ubuntu.com PS1=(tf) \[\e]0;\u@\h: \w\a\]${debian_chroot:+($debian_chroot)}\[\033[01;32m\]\u@\h\[\033[00m\]:\[\033[01;34m\]\w\[\033[00m\]\$ /usr/bin/cmake /home/vencel/ros2_ws/src/Vonalkovetes-szinfelismeressel-/tb3_project -DCMAKE_INSTALL_PREFIX=/home/vencel/ros2_ws/src/Vonalkovetes-szinfelismeressel-/install/tb3_project
[0.151s] -- The C compiler identification is GNU 13.3.0
[0.245s] -- The CXX compiler identification is GNU 13.3.0
[0.266s] -- Detecting C compiler ABI info
[0.358s] -- Detecting C compiler ABI info - done
[0.368s] -- Check for working C compiler: /usr/bin/cc - skipped
[0.368s] -- Detecting C compile features
[0.369s] -- Detecting C compile features - done
[0.379s] -- Detecting CXX compiler ABI info
[0.479s] -- Detecting CXX compiler ABI info - done
[0.497s] -- Check for working CXX compiler: /usr/bin/c++ - skipped
[0.498s] -- Detecting CXX compile features
[0.499s] -- Detecting CXX compile features - done
[0.510s] -- Found ament_cmake: 2.5.4 (/opt/ros/jazzy/share/ament_cmake/cmake)
[0.635s] -- Found Python3: /home/vencel/.virtualenvs/tf/bin/python3 (found version "3.12.3") found components: Interpreter 
[0.781s] -- Found ament_lint_auto: 0.17.2 (/opt/ros/jazzy/share/ament_lint_auto/cmake)
[0.918s] -- Added test 'flake8' to check Python code syntax and style conventions
[0.919s] -- Configured 'flake8' exclude dirs and/or files: 
[0.920s] -- Added test 'lint_cmake' to check CMake code style
[0.922s] -- Added test 'pep257' to check Python code against some of the docstring style conventions in PEP 257
[0.926s] -- Added test 'xmllint' to check XML markup files
[0.929s] -- Configuring done (0.9s)
[0.932s] -- Generating done (0.0s)
[0.934s] -- Build files have been written to: /home/vencel/ros2_ws/src/Vonalkovetes-szinfelismeressel-/build/tb3_project
[0.939s] Invoked command in '/home/vencel/ros2_ws/src/Vonalkovetes-szinfelismeressel-/build/tb3_project' returned '0': CMAKE_PREFIX_PATH=${CMAKE_PREFIX_PATH}:/home/vencel/ros2_ws/install/turtlebot3_teleop:/home/vencel/ros2_ws/install/turtlebot3_example:/home/vencel/ros2_ws/install/turtlebot3_mogi_py:/home/vencel/ros2_ws/install/tb3_project_py:/home/vencel/ros2_ws/install/mogi_trajectory_server:/home/vencel/ros2_ws/install/bme_ros2_tutorials_py:/home/vencel/ros2_ws/install/bme_gazebo_sensors_py:/opt/ros/jazzy DEBUGINFOD_URLS=https://debuginfod.ubuntu.com PS1=(tf) \[\e]0;\u@\h: \w\a\]${debian_chroot:+($debian_chroot)}\[\033[01;32m\]\u@\h\[\033[00m\]:\[\033[01;34m\]\w\[\033[00m\]\$ /usr/bin/cmake /home/vencel/ros2_ws/src/Vonalkovetes-szinfelismeressel-/tb3_project -DCMAKE_INSTALL_PREFIX=/home/vencel/ros2_ws/src/Vonalkovetes-szinfelismeressel-/install/tb3_project
[0.941s] Invoking command in '/home/vencel/ros2_ws/src/Vonalkovetes-szinfelismeressel-/build/tb3_project': CMAKE_PREFIX_PATH=${CMAKE_PREFIX_PATH}:/home/vencel/ros2_ws/install/turtlebot3_teleop:/home/vencel/ros2_ws/install/turtlebot3_example:/home/vencel/ros2_ws/install/turtlebot3_mogi_py:/home/vencel/ros2_ws/install/tb3_project_py:/home/vencel/ros2_ws/install/mogi_trajectory_server:/home/vencel/ros2_ws/install/bme_ros2_tutorials_py:/home/vencel/ros2_ws/install/bme_gazebo_sensors_py:/opt/ros/jazzy DEBUGINFOD_URLS=https://debuginfod.ubuntu.com PS1=(tf) \[\e]0;\u@\h: \w\a\]${debian_chroot:+($debian_chroot)}\[\033[01;32m\]\u@\h\[\033[00m\]:\[\033[01;34m\]\w\[\033[00m\]\$ /usr/bin/cmake --build /home/vencel/ros2_ws/src/Vonalkovetes-szinfelismeressel-/build/tb3_project -- -j8 -l8
[0.977s] Invoked command in '/home/vencel/ros2_ws/src/Vonalkovetes-szinfelismeressel-/build/tb3_project' returned '0': CMAKE_PREFIX_PATH=${CMAKE_PREFIX_PATH}:/home/vencel/ros2_ws/install/turtlebot3_teleop:/home/vencel/ros2_ws/install/turtlebot3_example:/home/vencel/ros2_ws/install/turtlebot3_mogi_py:/home/vencel/ros2_ws/install/tb3_project_py:/home/vencel/ros2_ws/install/mogi_trajectory_server:/home/vencel/ros2_ws/install/bme_ros2_tutorials_py:/home/vencel/ros2_ws/install/bme_gazebo_sensors_py:/opt/ros/jazzy DEBUGINFOD_URLS=https://debuginfod.ubuntu.com PS1=(tf) \[\e]0;\u@\h: \w\a\]${debian_chroot:+($debian_chroot)}\[\033[01;32m\]\u@\h\[\033[00m\]:\[\033[01;34m\]\w\[\033[00m\]\$ /usr/bin/cmake --build /home/vencel/ros2_ws/src/Vonalkovetes-szinfelismeressel-/build/tb3_project -- -j8 -l8
[0.986s] Invoking command in '/home/vencel/ros2_ws/src/Vonalkovetes-szinfelismeressel-/build/tb3_project': CMAKE_PREFIX_PATH=${CMAKE_PREFIX_PATH}:/home/vencel/ros2_ws/install/turtlebot3_teleop:/home/vencel/ros2_ws/install/turtlebot3_example:/home/vencel/ros2_ws/install/turtlebot3_mogi_py:/home/vencel/ros2_ws/install/tb3_project_py:/home/vencel/ros2_ws/install/mogi_trajectory_server:/home/vencel/ros2_ws/install/bme_ros2_tutorials_py:/home/vencel/ros2_ws/install/bme_gazebo_sensors_py:/opt/ros/jazzy DEBUGINFOD_URLS=https://debuginfod.ubuntu.com PS1=(tf) \[\e]0;\u@\h: \w\a\]${debian_chroot:+($debian_chroot)}\[\033[01;32m\]\u@\h\[\033[00m\]:\[\033[01;34m\]\w\[\033[00m\]\$ /usr/bin/cmake --install /home/vencel/ros2_ws/src/Vonalkovetes-szinfelismeressel-/build/tb3_project
[0.995s] -- Install configuration: ""
[0.995s] -- Installing: /home/vencel/ros2_ws/src/Vonalkovetes-szinfelismeressel-/install/tb3_project/share/tb3_project/launch
[0.995s] -- Installing: /home/vencel/ros2_ws/src/Vonalkovetes-szinfelismeressel-/install/tb3_project/share/tb3_project/launch/check_urdf.launch.py
[0.995s] -- Installing: /home/vencel/ros2_ws/src/Vonalkovetes-szinfelismeressel-/install/tb3_project/share/tb3_project/launch/simulation.launch.py
[0.995s] -- Installing: /home/vencel/ros2_ws/src/Vonalkovetes-szinfelismeressel-/install/tb3_project/share/tb3_project/rviz
[0.995s] -- Installing: /home/vencel/ros2_ws/src/Vonalkovetes-szinfelismeressel-/install/tb3_project/share/tb3_project/rviz/turtlebot3_line_follower.rviz
[0.995s] -- Installing: /home/vencel/ros2_ws/src/Vonalkovetes-szinfelismeressel-/install/tb3_project/share/tb3_project/rviz/urdf.rviz
[0.996s] -- Installing: /home/vencel/ros2_ws/src/Vonalkovetes-szinfelismeressel-/install/tb3_project/share/tb3_project/worlds
[0.996s] -- Installing: /home/vencel/ros2_ws/src/Vonalkovetes-szinfelismeressel-/install/tb3_project/share/tb3_project/worlds/empty.sdf
[0.996s] -- Installing: /home/vencel/ros2_ws/src/Vonalkovetes-szinfelismeressel-/install/tb3_project/share/tb3_project/worlds/dark_background.sdf
[0.996s] -- Installing: /home/vencel/ros2_ws/src/Vonalkovetes-szinfelismeressel-/install/tb3_project/share/tb3_project/worlds/light_background.sdf
[0.996s] -- Installing: /home/vencel/ros2_ws/src/Vonalkovetes-szinfelismeressel-/install/tb3_project/share/tb3_project/worlds/world_pebbled.sdf
[0.996s] -- Installing: /home/vencel/ros2_ws/src/Vonalkovetes-szinfelismeressel-/install/tb3_project/share/tb3_project/worlds/world_light.sdf
[0.996s] -- Installing: /home/vencel/ros2_ws/src/Vonalkovetes-szinfelismeressel-/install/tb3_project/share/tb3_project/worlds/world_dark.sdf
[0.997s] -- Installing: /home/vencel/ros2_ws/src/Vonalkovetes-szinfelismeressel-/install/tb3_project/share/tb3_project/worlds/red_line.sdf
[0.997s] -- Installing: /home/vencel/ros2_ws/src/Vonalkovetes-szinfelismeressel-/install/tb3_project/share/tb3_project/worlds/world_tiled.sdf
[0.997s] -- Installing: /home/vencel/ros2_ws/src/Vonalkovetes-szinfelismeressel-/install/tb3_project/share/tb3_project/gazebo_models
[0.997s] -- Installing: /home/vencel/ros2_ws/src/Vonalkovetes-szinfelismeressel-/install/tb3_project/share/tb3_project/gazebo_models/light_bg
[0.997s] -- Installing: /home/vencel/ros2_ws/src/Vonalkovetes-szinfelismeressel-/install/tb3_project/share/tb3_project/gazebo_models/light_bg/meshes
[0.997s] -- Installing: /home/vencel/ros2_ws/src/Vonalkovetes-szinfelismeressel-/install/tb3_project/share/tb3_project/gazebo_models/light_bg/meshes/light_bg.dae
[0.999s] -- Installing: /home/vencel/ros2_ws/src/Vonalkovetes-szinfelismeressel-/install/tb3_project/share/tb3_project/gazebo_models/light_bg/model.sdf
[1.000s] -- Installing: /home/vencel/ros2_ws/src/Vonalkovetes-szinfelismeressel-/install/tb3_project/share/tb3_project/gazebo_models/light_bg/model.config
[1.000s] -- Installing: /home/vencel/ros2_ws/src/Vonalkovetes-szinfelismeressel-/install/tb3_project/share/tb3_project/gazebo_models/world_tiled
[1.000s] -- Installing: /home/vencel/ros2_ws/src/Vonalkovetes-szinfelismeressel-/install/tb3_project/share/tb3_project/gazebo_models/world_tiled/ph
[1.000s] -- Installing: /home/vencel/ros2_ws/src/Vonalkovetes-szinfelismeressel-/install/tb3_project/share/tb3_project/gazebo_models/world_tiled/meshes
[1.000s] -- Installing: /home/vencel/ros2_ws/src/Vonalkovetes-szinfelismeressel-/install/tb3_project/share/tb3_project/gazebo_models/world_tiled/meshes/ph
[1.001s] -- Installing: /home/vencel/ros2_ws/src/Vonalkovetes-szinfelismeressel-/install/tb3_project/share/tb3_project/gazebo_models/world_tiled/meshes/world_tiled.dae
[1.003s] -- Installing: /home/vencel/ros2_ws/src/Vonalkovetes-szinfelismeressel-/install/tb3_project/share/tb3_project/gazebo_models/world_tiled/model.sdf
[1.003s] -- Installing: /home/vencel/ros2_ws/src/Vonalkovetes-szinfelismeressel-/install/tb3_project/share/tb3_project/gazebo_models/world_tiled/model.config
[1.004s] -- Installing: /home/vencel/ros2_ws/src/Vonalkovetes-szinfelismeressel-/install/tb3_project/share/tb3_project/gazebo_models/red_line
[1.004s] -- Installing: /home/vencel/ros2_ws/src/Vonalkovetes-szinfelismeressel-/install/tb3_project/share/tb3_project/gazebo_models/red_line/meshes
[1.004s] -- Installing: /home/vencel/ros2_ws/src/Vonalkovetes-szinfelismeressel-/install/tb3_project/share/tb3_project/gazebo_models/red_line/meshes/red_line.dae
[1.006s] -- Installing: /home/vencel/ros2_ws/src/Vonalkovetes-szinfelismeressel-/install/tb3_project/share/tb3_project/gazebo_models/red_line/model.sdf
[1.006s] -- Installing: /home/vencel/ros2_ws/src/Vonalkovetes-szinfelismeressel-/install/tb3_project/share/tb3_project/gazebo_models/red_line/model.config
[1.007s] -- Installing: /home/vencel/ros2_ws/src/Vonalkovetes-szinfelismeressel-/install/tb3_project/share/tb3_project/gazebo_models/world_pebbled
[1.007s] -- Installing: /home/vencel/ros2_ws/src/Vonalkovetes-szinfelismeressel-/install/tb3_project/share/tb3_project/gazebo_models/world_pebbled/ph
[1.007s] -- Installing: /home/vencel/ros2_ws/src/Vonalkovetes-szinfelismeressel-/install/tb3_project/share/tb3_project/gazebo_models/world_pebbled/meshes
[1.007s] -- Installing: /home/vencel/ros2_ws/src/Vonalkovetes-szinfelismeressel-/install/tb3_project/share/tb3_project/gazebo_models/world_pebbled/meshes/ph
[1.007s] -- Installing: /home/vencel/ros2_ws/src/Vonalkovetes-szinfelismeressel-/install/tb3_project/share/tb3_project/gazebo_models/world_pebbled/meshes/world_pebbled.dae
[1.010s] -- Installing: /home/vencel/ros2_ws/src/Vonalkovetes-szinfelismeressel-/install/tb3_project/share/tb3_project/gazebo_models/world_pebbled/model.sdf
[1.010s] -- Installing: /home/vencel/ros2_ws/src/Vonalkovetes-szinfelismeressel-/install/tb3_project/share/tb3_project/gazebo_models/world_pebbled/model.config
[1.010s] -- Installing: /home/vencel/ros2_ws/src/Vonalkovetes-szinfelismeressel-/install/tb3_project/share/tb3_project/gazebo_models/dark_bg
[1.010s] -- Installing: /home/vencel/ros2_ws/src/Vonalkovetes-szinfelismeressel-/install/tb3_project/share/tb3_project/gazebo_models/dark_bg/meshes
[1.011s] -- Installing: /home/vencel/ros2_ws/src/Vonalkovetes-szinfelismeressel-/install/tb3_project/share/tb3_project/gazebo_models/dark_bg/meshes/dark_bg.dae
[1.012s] -- Installing: /home/vencel/ros2_ws/src/Vonalkovetes-szinfelismeressel-/install/tb3_project/share/tb3_project/gazebo_models/dark_bg/model.sdf
[1.013s] -- Installing: /home/vencel/ros2_ws/src/Vonalkovetes-szinfelismeressel-/install/tb3_project/share/tb3_project/gazebo_models/dark_bg/model.config
[1.013s] -- Installing: /home/vencel/ros2_ws/src/Vonalkovetes-szinfelismeressel-/install/tb3_project/share/tb3_project/gazebo_models/colorful_line_v2
[1.013s] -- Installing: /home/vencel/ros2_ws/src/Vonalkovetes-szinfelismeressel-/install/tb3_project/share/tb3_project/gazebo_models/colorful_line_v2/ph
[1.013s] -- Installing: /home/vencel/ros2_ws/src/Vonalkovetes-szinfelismeressel-/install/tb3_project/share/tb3_project/gazebo_models/colorful_line_v2/meshes
[1.013s] -- Installing: /home/vencel/ros2_ws/src/Vonalkovetes-szinfelismeressel-/install/tb3_project/share/tb3_project/gazebo_models/colorful_line_v2/meshes/ph
[1.013s] -- Installing: /home/vencel/ros2_ws/src/Vonalkovetes-szinfelismeressel-/install/tb3_project/share/tb3_project/gazebo_models/colorful_line_v2/meshes/colorful_line_v2.dae
[1.017s] -- Installing: /home/vencel/ros2_ws/src/Vonalkovetes-szinfelismeressel-/install/tb3_project/share/tb3_project/gazebo_models/colorful_line_v2/model.sdf
[1.017s] -- Installing: /home/vencel/ros2_ws/src/Vonalkovetes-szinfelismeressel-/install/tb3_project/share/tb3_project/gazebo_models/colorful_line_v2/model.config
[1.018s] -- Installing: /home/vencel/ros2_ws/src/Vonalkovetes-szinfelismeressel-/install/tb3_project/share/tb3_project/gazebo_models/world_light
[1.018s] -- Installing: /home/vencel/ros2_ws/src/Vonalkovetes-szinfelismeressel-/install/tb3_project/share/tb3_project/gazebo_models/world_light/ph
[1.018s] -- Installing: /home/vencel/ros2_ws/src/Vonalkovetes-szinfelismeressel-/install/tb3_project/share/tb3_project/gazebo_models/world_light/meshes
[1.018s] -- Installing: /home/vencel/ros2_ws/src/Vonalkovetes-szinfelismeressel-/install/tb3_project/share/tb3_project/gazebo_models/world_light/meshes/ph
[1.018s] -- Installing: /home/vencel/ros2_ws/src/Vonalkovetes-szinfelismeressel-/install/tb3_project/share/tb3_project/gazebo_models/world_light/meshes/world_light.dae
[1.018s] -- Installing: /home/vencel/ros2_ws/src/Vonalkovetes-szinfelismeressel-/install/tb3_project/share/tb3_project/gazebo_models/world_light/model.sdf
[1.019s] -- Installing: /home/vencel/ros2_ws/src/Vonalkovetes-szinfelismeressel-/install/tb3_project/share/tb3_project/gazebo_models/world_light/model.config
[1.019s] -- Installing: /home/vencel/ros2_ws/src/Vonalkovetes-szinfelismeressel-/install/tb3_project/share/tb3_project/gazebo_models/world_dark
[1.019s] -- Installing: /home/vencel/ros2_ws/src/Vonalkovetes-szinfelismeressel-/install/tb3_project/share/tb3_project/gazebo_models/world_dark/ph
[1.019s] -- Installing: /home/vencel/ros2_ws/src/Vonalkovetes-szinfelismeressel-/install/tb3_project/share/tb3_project/gazebo_models/world_dark/meshes
[1.019s] -- Installing: /home/vencel/ros2_ws/src/Vonalkovetes-szinfelismeressel-/install/tb3_project/share/tb3_project/gazebo_models/world_dark/meshes/ph
[1.019s] -- Installing: /home/vencel/ros2_ws/src/Vonalkovetes-szinfelismeressel-/install/tb3_project/share/tb3_project/gazebo_models/world_dark/meshes/world_dark.dae
[1.021s] -- Installing: /home/vencel/ros2_ws/src/Vonalkovetes-szinfelismeressel-/install/tb3_project/share/tb3_project/gazebo_models/world_dark/model.sdf
[1.021s] -- Installing: /home/vencel/ros2_ws/src/Vonalkovetes-szinfelismeressel-/install/tb3_project/share/tb3_project/gazebo_models/world_dark/model.config
[1.021s] -- Installing: /home/vencel/ros2_ws/src/Vonalkovetes-szinfelismeressel-/install/tb3_project/share/ament_index/resource_index/package_run_dependencies/tb3_project
[1.021s] -- Installing: /home/vencel/ros2_ws/src/Vonalkovetes-szinfelismeressel-/install/tb3_project/share/ament_index/resource_index/parent_prefix_path/tb3_project
[1.022s] -- Installing: /home/vencel/ros2_ws/src/Vonalkovetes-szinfelismeressel-/install/tb3_project/share/tb3_project/environment/ament_prefix_path.sh
[1.022s] -- Installing: /home/vencel/ros2_ws/src/Vonalkovetes-szinfelismeressel-/install/tb3_project/share/tb3_project/environment/ament_prefix_path.dsv
[1.022s] -- Installing: /home/vencel/ros2_ws/src/Vonalkovetes-szinfelismeressel-/install/tb3_project/share/tb3_project/environment/path.sh
[1.022s] -- Installing: /home/vencel/ros2_ws/src/Vonalkovetes-szinfelismeressel-/install/tb3_project/share/tb3_project/environment/path.dsv
[1.022s] -- Installing: /home/vencel/ros2_ws/src/Vonalkovetes-szinfelismeressel-/install/tb3_project/share/tb3_project/local_setup.bash
[1.022s] -- Installing: /home/vencel/ros2_ws/src/Vonalkovetes-szinfelismeressel-/install/tb3_project/share/tb3_project/local_setup.sh
[1.022s] -- Installing: /home/vencel/ros2_ws/src/Vonalkovetes-szinfelismeressel-/install/tb3_project/share/tb3_project/local_setup.zsh
[1.023s] -- Installing: /home/vencel/ros2_ws/src/Vonalkovetes-szinfelismeressel-/install/tb3_project/share/tb3_project/local_setup.dsv
[1.023s] -- Installing: /home/vencel/ros2_ws/src/Vonalkovetes-szinfelismeressel-/install/tb3_project/share/tb3_project/package.dsv
[1.023s] -- Installing: /home/vencel/ros2_ws/src/Vonalkovetes-szinfelismeressel-/install/tb3_project/share/ament_index/resource_index/packages/tb3_project
[1.023s] -- Installing: /home/vencel/ros2_ws/src/Vonalkovetes-szinfelismeressel-/install/tb3_project/share/tb3_project/cmake/tb3_projectConfig.cmake
[1.023s] -- Installing: /home/vencel/ros2_ws/src/Vonalkovetes-szinfelismeressel-/install/tb3_project/share/tb3_project/cmake/tb3_projectConfig-version.cmake
[1.023s] -- Installing: /home/vencel/ros2_ws/src/Vonalkovetes-szinfelismeressel-/install/tb3_project/share/tb3_project/package.xml
[1.025s] Invoked command in '/home/vencel/ros2_ws/src/Vonalkovetes-szinfelismeressel-/build/tb3_project' returned '0': CMAKE_PREFIX_PATH=${CMAKE_PREFIX_PATH}:/home/vencel/ros2_ws/install/turtlebot3_teleop:/home/vencel/ros2_ws/install/turtlebot3_example:/home/vencel/ros2_ws/install/turtlebot3_mogi_py:/home/vencel/ros2_ws/install/tb3_project_py:/home/vencel/ros2_ws/install/mogi_trajectory_server:/home/vencel/ros2_ws/install/bme_ros2_tutorials_py:/home/vencel/ros2_ws/install/bme_gazebo_sensors_py:/opt/ros/jazzy DEBUGINFOD_URLS=https://debuginfod.ubuntu.com PS1=(tf) \[\e]0;\u@\h: \w\a\]${debian_chroot:+($debian_chroot)}\[\033[01;32m\]\u@\h\[\033[00m\]:\[\033[01;34m\]\w\[\033[00m\]\$ /usr/bin/cmake --install /home/vencel/ros2_ws/src/Vonalkovetes-szinfelismeressel-/build/tb3_project
