running egg_info
creating ../build/tb3_project_py/tb3_project_py.egg-info
writing ../build/tb3_project_py/tb3_project_py.egg-info/PKG-INFO
writing dependency_links to ../build/tb3_project_py/tb3_project_py.egg-info/dependency_links.txt
writing entry points to ../build/tb3_project_py/tb3_project_py.egg-info/entry_points.txt
writing requirements to ../build/tb3_project_py/tb3_project_py.egg-info/requires.txt
writing top-level names to ../build/tb3_project_py/tb3_project_py.egg-info/top_level.txt
writing manifest file '../build/tb3_project_py/tb3_project_py.egg-info/SOURCES.txt'
reading manifest file '../build/tb3_project_py/tb3_project_py.egg-info/SOURCES.txt'
writing manifest file '../build/tb3_project_py/tb3_project_py.egg-info/SOURCES.txt'
running build
running build_py
creating /home/vencel/ros2_ws/src/Vonalkovetes-szinfelismeressel-/build/tb3_project_py/build
creating /home/vencel/ros2_ws/src/Vonalkovetes-szinfelismeressel-/build/tb3_project_py/build/lib
creating /home/vencel/ros2_ws/src/Vonalkovetes-szinfelismeressel-/build/tb3_project_py/build/lib/tb3_project_py
copying tb3_project_py/line_follower_cnn_robot.py -> /home/vencel/ros2_ws/src/Vonalkovetes-szinfelismeressel-/build/tb3_project_py/build/lib/tb3_project_py
copying tb3_project_py/path_marker.py -> /home/vencel/ros2_ws/src/Vonalkovetes-szinfelismeressel-/build/tb3_project_py/build/lib/tb3_project_py
copying tb3_project_py/train_network.py -> /home/vencel/ros2_ws/src/Vonalkovetes-szinfelismeressel-/build/tb3_project_py/build/lib/tb3_project_py
copying tb3_project_py/__init__.py -> /home/vencel/ros2_ws/src/Vonalkovetes-szinfelismeressel-/build/tb3_project_py/build/lib/tb3_project_py
copying tb3_project_py/line_follower.py -> /home/vencel/ros2_ws/src/Vonalkovetes-szinfelismeressel-/build/tb3_project_py/build/lib/tb3_project_py
copying tb3_project_py/save_training_images.py -> /home/vencel/ros2_ws/src/Vonalkovetes-szinfelismeressel-/build/tb3_project_py/build/lib/tb3_project_py
copying tb3_project_py/line_follower_cnn.py -> /home/vencel/ros2_ws/src/Vonalkovetes-szinfelismeressel-/build/tb3_project_py/build/lib/tb3_project_py
running install
running install_lib
creating /home/vencel/ros2_ws/src/Vonalkovetes-szinfelismeressel-/install/tb3_project_py/lib/python3.12/site-packages/tb3_project_py
copying /home/vencel/ros2_ws/src/Vonalkovetes-szinfelismeressel-/build/tb3_project_py/build/lib/tb3_project_py/line_follower_cnn_robot.py -> /home/vencel/ros2_ws/src/Vonalkovetes-szinfelismeressel-/install/tb3_project_py/lib/python3.12/site-packages/tb3_project_py
copying /home/vencel/ros2_ws/src/Vonalkovetes-szinfelismeressel-/build/tb3_project_py/build/lib/tb3_project_py/path_marker.py -> /home/vencel/ros2_ws/src/Vonalkovetes-szinfelismeressel-/install/tb3_project_py/lib/python3.12/site-packages/tb3_project_py
copying /home/vencel/ros2_ws/src/Vonalkovetes-szinfelismeressel-/build/tb3_project_py/build/lib/tb3_project_py/train_network.py -> /home/vencel/ros2_ws/src/Vonalkovetes-szinfelismeressel-/install/tb3_project_py/lib/python3.12/site-packages/tb3_project_py
copying /home/vencel/ros2_ws/src/Vonalkovetes-szinfelismeressel-/build/tb3_project_py/build/lib/tb3_project_py/__init__.py -> /home/vencel/ros2_ws/src/Vonalkovetes-szinfelismeressel-/install/tb3_project_py/lib/python3.12/site-packages/tb3_project_py
copying /home/vencel/ros2_ws/src/Vonalkovetes-szinfelismeressel-/build/tb3_project_py/build/lib/tb3_project_py/line_follower.py -> /home/vencel/ros2_ws/src/Vonalkovetes-szinfelismeressel-/install/tb3_project_py/lib/python3.12/site-packages/tb3_project_py
copying /home/vencel/ros2_ws/src/Vonalkovetes-szinfelismeressel-/build/tb3_project_py/build/lib/tb3_project_py/save_training_images.py -> /home/vencel/ros2_ws/src/Vonalkovetes-szinfelismeressel-/install/tb3_project_py/lib/python3.12/site-packages/tb3_project_py
copying /home/vencel/ros2_ws/src/Vonalkovetes-szinfelismeressel-/build/tb3_project_py/build/lib/tb3_project_py/line_follower_cnn.py -> /home/vencel/ros2_ws/src/Vonalkovetes-szinfelismeressel-/install/tb3_project_py/lib/python3.12/site-packages/tb3_project_py
byte-compiling /home/vencel/ros2_ws/src/Vonalkovetes-szinfelismeressel-/install/tb3_project_py/lib/python3.12/site-packages/tb3_project_py/line_follower_cnn_robot.py to line_follower_cnn_robot.cpython-312.pyc
byte-compiling /home/vencel/ros2_ws/src/Vonalkovetes-szinfelismeressel-/install/tb3_project_py/lib/python3.12/site-packages/tb3_project_py/path_marker.py to path_marker.cpython-312.pyc
byte-compiling /home/vencel/ros2_ws/src/Vonalkovetes-szinfelismeressel-/install/tb3_project_py/lib/python3.12/site-packages/tb3_project_py/train_network.py to train_network.cpython-312.pyc
byte-compiling /home/vencel/ros2_ws/src/Vonalkovetes-szinfelismeressel-/install/tb3_project_py/lib/python3.12/site-packages/tb3_project_py/__init__.py to __init__.cpython-312.pyc
byte-compiling /home/vencel/ros2_ws/src/Vonalkovetes-szinfelismeressel-/install/tb3_project_py/lib/python3.12/site-packages/tb3_project_py/line_follower.py to line_follower.cpython-312.pyc
byte-compiling /home/vencel/ros2_ws/src/Vonalkovetes-szinfelismeressel-/install/tb3_project_py/lib/python3.12/site-packages/tb3_project_py/save_training_images.py to save_training_images.cpython-312.pyc
byte-compiling /home/vencel/ros2_ws/src/Vonalkovetes-szinfelismeressel-/install/tb3_project_py/lib/python3.12/site-packages/tb3_project_py/line_follower_cnn.py to line_follower_cnn.cpython-312.pyc
running install_data
creating /home/vencel/ros2_ws/src/Vonalkovetes-szinfelismeressel-/install/tb3_project_py/share/ament_index
creating /home/vencel/ros2_ws/src/Vonalkovetes-szinfelismeressel-/install/tb3_project_py/share/ament_index/resource_index
creating /home/vencel/ros2_ws/src/Vonalkovetes-szinfelismeressel-/install/tb3_project_py/share/ament_index/resource_index/packages
copying resource/tb3_project_py -> /home/vencel/ros2_ws/src/Vonalkovetes-szinfelismeressel-/install/tb3_project_py/share/ament_index/resource_index/packages
copying package.xml -> /home/vencel/ros2_ws/src/Vonalkovetes-szinfelismeressel-/install/tb3_project_py/share/tb3_project_py
creating /home/vencel/ros2_ws/src/Vonalkovetes-szinfelismeressel-/install/tb3_project_py/share/tb3_project_py/network_model
copying network_model/model.keras -> /home/vencel/ros2_ws/src/Vonalkovetes-szinfelismeressel-/install/tb3_project_py/share/tb3_project_py/network_model
copying network_model/model.best.keras -> /home/vencel/ros2_ws/src/Vonalkovetes-szinfelismeressel-/install/tb3_project_py/share/tb3_project_py/network_model
copying network_model/model_training.png -> /home/vencel/ros2_ws/src/Vonalkovetes-szinfelismeressel-/install/tb3_project_py/share/tb3_project_py/network_model
running install_egg_info
Copying ../build/tb3_project_py/tb3_project_py.egg-info to /home/vencel/ros2_ws/src/Vonalkovetes-szinfelismeressel-/install/tb3_project_py/lib/python3.12/site-packages/tb3_project_py-1.0.0-py3.12.egg-info
running install_scripts
Installing line_follower script to /home/vencel/ros2_ws/src/Vonalkovetes-szinfelismeressel-/install/tb3_project_py/lib/tb3_project_py
Installing line_follower_cnn script to /home/vencel/ros2_ws/src/Vonalkovetes-szinfelismeressel-/install/tb3_project_py/lib/tb3_project_py
Installing line_follower_cnn_robot script to /home/vencel/ros2_ws/src/Vonalkovetes-szinfelismeressel-/install/tb3_project_py/lib/tb3_project_py
Installing path_marker script to /home/vencel/ros2_ws/src/Vonalkovetes-szinfelismeressel-/install/tb3_project_py/lib/tb3_project_py
Installing save_training_images script to /home/vencel/ros2_ws/src/Vonalkovetes-szinfelismeressel-/install/tb3_project_py/lib/tb3_project_py
writing list of installed files to '/home/vencel/ros2_ws/src/Vonalkovetes-szinfelismeressel-/build/tb3_project_py/install.log'
