/home/vencel/ros2_ws/src/Vonalkovetes-szinfelismeressel-/install/tb3_project_py/lib/python3.12/site-packages/tb3_project_py/line_follower_cnn_robot.py
/home/vencel/ros2_ws/src/Vonalkovetes-szinfelismeressel-/install/tb3_project_py/lib/python3.12/site-packages/tb3_project_py/path_marker.py
/home/vencel/ros2_ws/src/Vonalkovetes-szinfelismeressel-/install/tb3_project_py/lib/python3.12/site-packages/tb3_project_py/train_network.py
/home/vencel/ros2_ws/src/Vonalkovetes-szinfelismeressel-/install/tb3_project_py/lib/python3.12/site-packages/tb3_project_py/__init__.py
/home/vencel/ros2_ws/src/Vonalkovetes-szinfelismeressel-/install/tb3_project_py/lib/python3.12/site-packages/tb3_project_py/line_follower.py
/home/vencel/ros2_ws/src/Vonalkovetes-szinfelismeressel-/install/tb3_project_py/lib/python3.12/site-packages/tb3_project_py/save_training_images.py
/home/vencel/ros2_ws/src/Vonalkovetes-szinfelismeressel-/install/tb3_project_py/lib/python3.12/site-packages/tb3_project_py/line_follower_cnn.py
/home/vencel/ros2_ws/src/Vonalkovetes-szinfelismeressel-/install/tb3_project_py/lib/python3.12/site-packages/tb3_project_py/__pycache__/line_follower_cnn_robot.cpython-312.pyc
/home/vencel/ros2_ws/src/Vonalkovetes-szinfelismeressel-/install/tb3_project_py/lib/python3.12/site-packages/tb3_project_py/__pycache__/path_marker.cpython-312.pyc
/home/vencel/ros2_ws/src/Vonalkovetes-szinfelismeressel-/install/tb3_project_py/lib/python3.12/site-packages/tb3_project_py/__pycache__/train_network.cpython-312.pyc
/home/vencel/ros2_ws/src/Vonalkovetes-szinfelismeressel-/install/tb3_project_py/lib/python3.12/site-packages/tb3_project_py/__pycache__/__init__.cpython-312.pyc
/home/vencel/ros2_ws/src/Vonalkovetes-szinfelismeressel-/install/tb3_project_py/lib/python3.12/site-packages/tb3_project_py/__pycache__/line_follower.cpython-312.pyc
/home/vencel/ros2_ws/src/Vonalkovetes-szinfelismeressel-/install/tb3_project_py/lib/python3.12/site-packages/tb3_project_py/__pycache__/save_training_images.cpython-312.pyc
/home/vencel/ros2_ws/src/Vonalkovetes-szinfelismeressel-/install/tb3_project_py/lib/python3.12/site-packages/tb3_project_py/__pycache__/line_follower_cnn.cpython-312.pyc
/home/vencel/ros2_ws/src/Vonalkovetes-szinfelismeressel-/install/tb3_project_py/share/ament_index/resource_index/packages/tb3_project_py
/home/vencel/ros2_ws/src/Vonalkovetes-szinfelismeressel-/install/tb3_project_py/share/tb3_project_py/package.xml
/home/vencel/ros2_ws/src/Vonalkovetes-szinfelismeressel-/install/tb3_project_py/share/tb3_project_py/network_model/model.keras
/home/vencel/ros2_ws/src/Vonalkovetes-szinfelismeressel-/install/tb3_project_py/share/tb3_project_py/network_model/model.best.keras
/home/vencel/ros2_ws/src/Vonalkovetes-szinfelismeressel-/install/tb3_project_py/share/tb3_project_py/network_model/model_training.png
/home/vencel/ros2_ws/src/Vonalkovetes-szinfelismeressel-/install/tb3_project_py/lib/python3.12/site-packages/tb3_project_py-1.0.0-py3.12.egg-info/dependency_links.txt
/home/vencel/ros2_ws/src/Vonalkovetes-szinfelismeressel-/install/tb3_project_py/lib/python3.12/site-packages/tb3_project_py-1.0.0-py3.12.egg-info/requires.txt
/home/vencel/ros2_ws/src/Vonalkovetes-szinfelismeressel-/install/tb3_project_py/lib/python3.12/site-packages/tb3_project_py-1.0.0-py3.12.egg-info/SOURCES.txt
/home/vencel/ros2_ws/src/Vonalkovetes-szinfelismeressel-/install/tb3_project_py/lib/python3.12/site-packages/tb3_project_py-1.0.0-py3.12.egg-info/PKG-INFO
/home/vencel/ros2_ws/src/Vonalkovetes-szinfelismeressel-/install/tb3_project_py/lib/python3.12/site-packages/tb3_project_py-1.0.0-py3.12.egg-info/zip-safe
/home/vencel/ros2_ws/src/Vonalkovetes-szinfelismeressel-/install/tb3_project_py/lib/python3.12/site-packages/tb3_project_py-1.0.0-py3.12.egg-info/top_level.txt
/home/vencel/ros2_ws/src/Vonalkovetes-szinfelismeressel-/install/tb3_project_py/lib/python3.12/site-packages/tb3_project_py-1.0.0-py3.12.egg-info/entry_points.txt
/home/vencel/ros2_ws/src/Vonalkovetes-szinfelismeressel-/install/tb3_project_py/lib/tb3_project_py/line_follower
/home/vencel/ros2_ws/src/Vonalkovetes-szinfelismeressel-/install/tb3_project_py/lib/tb3_project_py/line_follower_cnn
/home/vencel/ros2_ws/src/Vonalkovetes-szinfelismeressel-/install/tb3_project_py/lib/tb3_project_py/line_follower_cnn_robot
/home/vencel/ros2_ws/src/Vonalkovetes-szinfelismeressel-/install/tb3_project_py/lib/tb3_project_py/path_marker
/home/vencel/ros2_ws/src/Vonalkovetes-szinfelismeressel-/install/tb3_project_py/lib/tb3_project_py/save_training_images
