[0.145s] DEBUG:colcon:Command line arguments: ['/usr/bin/colcon', 'build']
[0.146s] DEBUG:colcon:Parsed command line arguments: Namespace(log_base=None, log_level=None, verb_name='build', build_base='build', install_base='install', merge_install=False, symlink_install=False, test_result_base=None, continue_on_error=False, executor='parallel', parallel_workers=8, event_handlers=None, ignore_user_meta=False, metas=['./colcon.meta'], base_paths=['.'], packages_ignore=None, packages_ignore_regex=None, paths=None, packages_up_to=None, packages_up_to_regex=None, packages_above=None, packages_above_and_dependencies=None, packages_above_depth=None, packages_select_by_dep=None, packages_skip_by_dep=None, packages_skip_up_to=None, packages_select_build_failed=False, packages_skip_build_finished=False, packages_select_test_failures=False, packages_skip_test_passed=False, packages_select=None, packages_skip=None, packages_select_regex=None, packages_skip_regex=None, packages_start=None, packages_end=None, cmake_args=None, cmake_target=None, cmake_target_skip_unavailable=False, cmake_clean_cache=False, cmake_clean_first=False, cmake_force_configure=False, ament_cmake_args=None, catkin_cmake_args=None, catkin_skip_building_tests=False, verb_parser=<colcon_defaults.argument_parser.defaults.DefaultArgumentsDecorator object at 0x7e0493e1da00>, verb_extension=<colcon_core.verb.build.BuildVerb object at 0x7e0493e1d0d0>, main=<bound method BuildVerb.main of <colcon_core.verb.build.BuildVerb object at 0x7e0493e1d0d0>>)
[0.212s] Level 1:colcon.colcon_core.package_discovery:discover_packages(colcon_meta) check parameters
[0.212s] Level 1:colcon.colcon_core.package_discovery:discover_packages(recursive) check parameters
[0.212s] Level 1:colcon.colcon_core.package_discovery:discover_packages(ignore) check parameters
[0.212s] Level 1:colcon.colcon_core.package_discovery:discover_packages(path) check parameters
[0.212s] Level 1:colcon.colcon_core.package_discovery:discover_packages(colcon_meta) discover
[0.212s] Level 1:colcon.colcon_core.package_discovery:discover_packages(recursive) discover
[0.212s] INFO:colcon.colcon_core.package_discovery:Crawling recursively for packages in '/home/vencel/ros2_ws/src/Vonalkovetes-szinfelismeressel-'
[0.213s] Level 1:colcon.colcon_core.package_identification:_identify(.) by extensions ['ignore', 'ignore_ament_install']
[0.213s] Level 1:colcon.colcon_core.package_identification:_identify(.) by extension 'ignore'
[0.213s] Level 1:colcon.colcon_core.package_identification:_identify(.) by extension 'ignore_ament_install'
[0.213s] Level 1:colcon.colcon_core.package_identification:_identify(.) by extensions ['colcon_pkg']
[0.213s] Level 1:colcon.colcon_core.package_identification:_identify(.) by extension 'colcon_pkg'
[0.213s] Level 1:colcon.colcon_core.package_identification:_identify(.) by extensions ['colcon_meta']
[0.213s] Level 1:colcon.colcon_core.package_identification:_identify(.) by extension 'colcon_meta'
[0.213s] Level 1:colcon.colcon_core.package_identification:_identify(.) by extensions ['ros']
[0.213s] Level 1:colcon.colcon_core.package_identification:_identify(.) by extension 'ros'
[0.244s] Level 1:colcon.colcon_core.package_identification:_identify(.) by extensions ['cmake', 'python']
[0.244s] Level 1:colcon.colcon_core.package_identification:_identify(.) by extension 'cmake'
[0.244s] Level 1:colcon.colcon_core.package_identification:_identify(.) by extension 'python'
[0.244s] Level 1:colcon.colcon_core.package_identification:_identify(.) by extensions ['python_setup_py']
[0.244s] Level 1:colcon.colcon_core.package_identification:_identify(.) by extension 'python_setup_py'
[0.244s] Level 1:colcon.colcon_core.package_identification:_identify(Tracks) by extensions ['ignore', 'ignore_ament_install']
[0.244s] Level 1:colcon.colcon_core.package_identification:_identify(Tracks) by extension 'ignore'
[0.244s] Level 1:colcon.colcon_core.package_identification:_identify(Tracks) by extension 'ignore_ament_install'
[0.244s] Level 1:colcon.colcon_core.package_identification:_identify(Tracks) by extensions ['colcon_pkg']
[0.244s] Level 1:colcon.colcon_core.package_identification:_identify(Tracks) by extension 'colcon_pkg'
[0.244s] Level 1:colcon.colcon_core.package_identification:_identify(Tracks) by extensions ['colcon_meta']
[0.244s] Level 1:colcon.colcon_core.package_identification:_identify(Tracks) by extension 'colcon_meta'
[0.244s] Level 1:colcon.colcon_core.package_identification:_identify(Tracks) by extensions ['ros']
[0.244s] Level 1:colcon.colcon_core.package_identification:_identify(Tracks) by extension 'ros'
[0.245s] Level 1:colcon.colcon_core.package_identification:_identify(Tracks) by extensions ['cmake', 'python']
[0.245s] Level 1:colcon.colcon_core.package_identification:_identify(Tracks) by extension 'cmake'
[0.245s] Level 1:colcon.colcon_core.package_identification:_identify(Tracks) by extension 'python'
[0.245s] Level 1:colcon.colcon_core.package_identification:_identify(Tracks) by extensions ['python_setup_py']
[0.245s] Level 1:colcon.colcon_core.package_identification:_identify(Tracks) by extension 'python_setup_py'
[0.245s] Level 1:colcon.colcon_core.package_identification:_identify(build) by extensions ['ignore', 'ignore_ament_install']
[0.245s] Level 1:colcon.colcon_core.package_identification:_identify(build) by extension 'ignore'
[0.245s] Level 1:colcon.colcon_core.package_identification:_identify(build) ignored
[0.245s] Level 1:colcon.colcon_core.package_identification:_identify(install) by extensions ['ignore', 'ignore_ament_install']
[0.245s] Level 1:colcon.colcon_core.package_identification:_identify(install) by extension 'ignore'
[0.245s] Level 1:colcon.colcon_core.package_identification:_identify(install) ignored
[0.245s] Level 1:colcon.colcon_core.package_identification:_identify(log) by extensions ['ignore', 'ignore_ament_install']
[0.245s] Level 1:colcon.colcon_core.package_identification:_identify(log) by extension 'ignore'
[0.245s] Level 1:colcon.colcon_core.package_identification:_identify(log) ignored
[0.245s] Level 1:colcon.colcon_core.package_identification:_identify(tb3_project) by extensions ['ignore', 'ignore_ament_install']
[0.246s] Level 1:colcon.colcon_core.package_identification:_identify(tb3_project) by extension 'ignore'
[0.246s] Level 1:colcon.colcon_core.package_identification:_identify(tb3_project) by extension 'ignore_ament_install'
[0.246s] Level 1:colcon.colcon_core.package_identification:_identify(tb3_project) by extensions ['colcon_pkg']
[0.246s] Level 1:colcon.colcon_core.package_identification:_identify(tb3_project) by extension 'colcon_pkg'
[0.246s] Level 1:colcon.colcon_core.package_identification:_identify(tb3_project) by extensions ['colcon_meta']
[0.246s] Level 1:colcon.colcon_core.package_identification:_identify(tb3_project) by extension 'colcon_meta'
[0.246s] Level 1:colcon.colcon_core.package_identification:_identify(tb3_project) by extensions ['ros']
[0.246s] Level 1:colcon.colcon_core.package_identification:_identify(tb3_project) by extension 'ros'
[0.250s] DEBUG:colcon.colcon_core.package_identification:Package 'tb3_project' with type 'ros.ament_cmake' and name 'tb3_project'
[0.250s] Level 1:colcon.colcon_core.package_identification:_identify(tb3_project_py) by extensions ['ignore', 'ignore_ament_install']
[0.250s] Level 1:colcon.colcon_core.package_identification:_identify(tb3_project_py) by extension 'ignore'
[0.250s] Level 1:colcon.colcon_core.package_identification:_identify(tb3_project_py) by extension 'ignore_ament_install'
[0.250s] Level 1:colcon.colcon_core.package_identification:_identify(tb3_project_py) by extensions ['colcon_pkg']
[0.250s] Level 1:colcon.colcon_core.package_identification:_identify(tb3_project_py) by extension 'colcon_pkg'
[0.250s] Level 1:colcon.colcon_core.package_identification:_identify(tb3_project_py) by extensions ['colcon_meta']
[0.250s] Level 1:colcon.colcon_core.package_identification:_identify(tb3_project_py) by extension 'colcon_meta'
[0.250s] Level 1:colcon.colcon_core.package_identification:_identify(tb3_project_py) by extensions ['ros']
[0.250s] Level 1:colcon.colcon_core.package_identification:_identify(tb3_project_py) by extension 'ros'
[0.252s] DEBUG:colcon.colcon_core.package_identification:Package 'tb3_project_py' with type 'ros.ament_python' and name 'tb3_project_py'
[0.252s] Level 1:colcon.colcon_core.package_discovery:discover_packages(recursive) using defaults
[0.252s] Level 1:colcon.colcon_core.package_discovery:discover_packages(ignore) discover
[0.252s] Level 1:colcon.colcon_core.package_discovery:discover_packages(ignore) using defaults
[0.252s] Level 1:colcon.colcon_core.package_discovery:discover_packages(path) discover
[0.252s] Level 1:colcon.colcon_core.package_discovery:discover_packages(path) using defaults
[0.291s] Level 5:colcon.colcon_core.verb:set package 'tb3_project' build argument 'cmake_args' from command line to 'None'
[0.291s] Level 5:colcon.colcon_core.verb:set package 'tb3_project' build argument 'cmake_target' from command line to 'None'
[0.291s] Level 5:colcon.colcon_core.verb:set package 'tb3_project' build argument 'cmake_target_skip_unavailable' from command line to 'False'
[0.291s] Level 5:colcon.colcon_core.verb:set package 'tb3_project' build argument 'cmake_clean_cache' from command line to 'False'
[0.291s] Level 5:colcon.colcon_core.verb:set package 'tb3_project' build argument 'cmake_clean_first' from command line to 'False'
[0.291s] Level 5:colcon.colcon_core.verb:set package 'tb3_project' build argument 'cmake_force_configure' from command line to 'False'
[0.291s] Level 5:colcon.colcon_core.verb:set package 'tb3_project' build argument 'ament_cmake_args' from command line to 'None'
[0.292s] Level 5:colcon.colcon_core.verb:set package 'tb3_project' build argument 'catkin_cmake_args' from command line to 'None'
[0.292s] Level 5:colcon.colcon_core.verb:set package 'tb3_project' build argument 'catkin_skip_building_tests' from command line to 'False'
[0.292s] DEBUG:colcon.colcon_core.verb:Building package 'tb3_project' with the following arguments: {'ament_cmake_args': None, 'build_base': '/home/vencel/ros2_ws/src/Vonalkovetes-szinfelismeressel-/build/tb3_project', 'catkin_cmake_args': None, 'catkin_skip_building_tests': False, 'cmake_args': None, 'cmake_clean_cache': False, 'cmake_clean_first': False, 'cmake_force_configure': False, 'cmake_target': None, 'cmake_target_skip_unavailable': False, 'install_base': '/home/vencel/ros2_ws/src/Vonalkovetes-szinfelismeressel-/install/tb3_project', 'merge_install': False, 'path': '/home/vencel/ros2_ws/src/Vonalkovetes-szinfelismeressel-/tb3_project', 'symlink_install': False, 'test_result_base': None}
[0.292s] Level 5:colcon.colcon_core.verb:set package 'tb3_project_py' build argument 'cmake_args' from command line to 'None'
[0.292s] Level 5:colcon.colcon_core.verb:set package 'tb3_project_py' build argument 'cmake_target' from command line to 'None'
[0.292s] Level 5:colcon.colcon_core.verb:set package 'tb3_project_py' build argument 'cmake_target_skip_unavailable' from command line to 'False'
[0.292s] Level 5:colcon.colcon_core.verb:set package 'tb3_project_py' build argument 'cmake_clean_cache' from command line to 'False'
[0.292s] Level 5:colcon.colcon_core.verb:set package 'tb3_project_py' build argument 'cmake_clean_first' from command line to 'False'
[0.292s] Level 5:colcon.colcon_core.verb:set package 'tb3_project_py' build argument 'cmake_force_configure' from command line to 'False'
[0.292s] Level 5:colcon.colcon_core.verb:set package 'tb3_project_py' build argument 'ament_cmake_args' from command line to 'None'
[0.293s] Level 5:colcon.colcon_core.verb:set package 'tb3_project_py' build argument 'catkin_cmake_args' from command line to 'None'
[0.293s] Level 5:colcon.colcon_core.verb:set package 'tb3_project_py' build argument 'catkin_skip_building_tests' from command line to 'False'
[0.293s] DEBUG:colcon.colcon_core.verb:Building package 'tb3_project_py' with the following arguments: {'ament_cmake_args': None, 'build_base': '/home/vencel/ros2_ws/src/Vonalkovetes-szinfelismeressel-/build/tb3_project_py', 'catkin_cmake_args': None, 'catkin_skip_building_tests': False, 'cmake_args': None, 'cmake_clean_cache': False, 'cmake_clean_first': False, 'cmake_force_configure': False, 'cmake_target': None, 'cmake_target_skip_unavailable': False, 'install_base': '/home/vencel/ros2_ws/src/Vonalkovetes-szinfelismeressel-/install/tb3_project_py', 'merge_install': False, 'path': '/home/vencel/ros2_ws/src/Vonalkovetes-szinfelismeressel-/tb3_project_py', 'symlink_install': False, 'test_result_base': None}
[0.293s] INFO:colcon.colcon_core.executor:Executing jobs using 'parallel' executor
[0.300s] DEBUG:colcon.colcon_parallel_executor.executor.parallel:run_until_complete
[0.301s] INFO:colcon.colcon_ros.task.ament_cmake.build:Building ROS package in '/home/vencel/ros2_ws/src/Vonalkovetes-szinfelismeressel-/tb3_project' with build type 'ament_cmake'
[0.301s] INFO:colcon.colcon_cmake.task.cmake.build:Building CMake package in '/home/vencel/ros2_ws/src/Vonalkovetes-szinfelismeressel-/tb3_project'
[0.306s] INFO:colcon.colcon_core.plugin_system:Skipping extension 'colcon_core.shell.bat': Not used on non-Windows systems
[0.306s] DEBUG:colcon.colcon_core.shell:Skip shell extension 'dsv' for command environment
[0.318s] INFO:colcon.colcon_ros.task.ament_python.build:Building ROS package in '/home/vencel/ros2_ws/src/Vonalkovetes-szinfelismeressel-/tb3_project_py' with build type 'ament_python'
[0.318s] Level 1:colcon.colcon_core.shell:create_environment_hook('tb3_project_py', 'ament_prefix_path')
[0.318s] INFO:colcon.colcon_core.shell:Creating environment descriptor '/home/vencel/ros2_ws/src/Vonalkovetes-szinfelismeressel-/install/tb3_project_py/share/tb3_project_py/hook/ament_prefix_path.dsv'
[0.319s] INFO:colcon.colcon_core.shell:Creating environment hook '/home/vencel/ros2_ws/src/Vonalkovetes-szinfelismeressel-/install/tb3_project_py/share/tb3_project_py/hook/ament_prefix_path.sh'
[0.321s] DEBUG:colcon.colcon_core.shell:Skip shell extension 'dsv' for command environment
[0.331s] DEBUG:colcon.colcon_core.event_handler.log_command:Invoking command in '/home/vencel/ros2_ws/src/Vonalkovetes-szinfelismeressel-/build/tb3_project': CMAKE_PREFIX_PATH=${CMAKE_PREFIX_PATH}:/home/vencel/ros2_ws/install/turtlebot3_teleop:/home/vencel/ros2_ws/install/turtlebot3_example:/home/vencel/ros2_ws/install/turtlebot3_mogi_py:/home/vencel/ros2_ws/install/tb3_project_py:/home/vencel/ros2_ws/install/mogi_trajectory_server:/home/vencel/ros2_ws/install/bme_ros2_tutorials_py:/home/vencel/ros2_ws/install/bme_gazebo_sensors_py:/opt/ros/jazzy DEBUGINFOD_URLS=https://debuginfod.ubuntu.com PS1=(tf) \[\e]0;\u@\h: \w\a\]${debian_chroot:+($debian_chroot)}\[\033[01;32m\]\u@\h\[\033[00m\]:\[\033[01;34m\]\w\[\033[00m\]\$ /usr/bin/cmake /home/vencel/ros2_ws/src/Vonalkovetes-szinfelismeressel-/tb3_project -DCMAKE_INSTALL_PREFIX=/home/vencel/ros2_ws/src/Vonalkovetes-szinfelismeressel-/install/tb3_project
[0.587s] INFO:colcon.colcon_core.task.python.build:Building Python package in '/home/vencel/ros2_ws/src/Vonalkovetes-szinfelismeressel-/tb3_project_py'
[0.587s] DEBUG:colcon.colcon_core.shell:Skip shell extension 'dsv' for command environment
[1.241s] DEBUG:colcon.colcon_core.event_handler.log_command:Invoked command in '/home/vencel/ros2_ws/src/Vonalkovetes-szinfelismeressel-/build/tb3_project' returned '0': CMAKE_PREFIX_PATH=${CMAKE_PREFIX_PATH}:/home/vencel/ros2_ws/install/turtlebot3_teleop:/home/vencel/ros2_ws/install/turtlebot3_example:/home/vencel/ros2_ws/install/turtlebot3_mogi_py:/home/vencel/ros2_ws/install/tb3_project_py:/home/vencel/ros2_ws/install/mogi_trajectory_server:/home/vencel/ros2_ws/install/bme_ros2_tutorials_py:/home/vencel/ros2_ws/install/bme_gazebo_sensors_py:/opt/ros/jazzy DEBUGINFOD_URLS=https://debuginfod.ubuntu.com PS1=(tf) \[\e]0;\u@\h: \w\a\]${debian_chroot:+($debian_chroot)}\[\033[01;32m\]\u@\h\[\033[00m\]:\[\033[01;34m\]\w\[\033[00m\]\$ /usr/bin/cmake /home/vencel/ros2_ws/src/Vonalkovetes-szinfelismeressel-/tb3_project -DCMAKE_INSTALL_PREFIX=/home/vencel/ros2_ws/src/Vonalkovetes-szinfelismeressel-/install/tb3_project
[1.242s] DEBUG:colcon.colcon_core.event_handler.log_command:Invoking command in '/home/vencel/ros2_ws/src/Vonalkovetes-szinfelismeressel-/build/tb3_project': CMAKE_PREFIX_PATH=${CMAKE_PREFIX_PATH}:/home/vencel/ros2_ws/install/turtlebot3_teleop:/home/vencel/ros2_ws/install/turtlebot3_example:/home/vencel/ros2_ws/install/turtlebot3_mogi_py:/home/vencel/ros2_ws/install/tb3_project_py:/home/vencel/ros2_ws/install/mogi_trajectory_server:/home/vencel/ros2_ws/install/bme_ros2_tutorials_py:/home/vencel/ros2_ws/install/bme_gazebo_sensors_py:/opt/ros/jazzy DEBUGINFOD_URLS=https://debuginfod.ubuntu.com PS1=(tf) \[\e]0;\u@\h: \w\a\]${debian_chroot:+($debian_chroot)}\[\033[01;32m\]\u@\h\[\033[00m\]:\[\033[01;34m\]\w\[\033[00m\]\$ /usr/bin/cmake --build /home/vencel/ros2_ws/src/Vonalkovetes-szinfelismeressel-/build/tb3_project -- -j8 -l8
[1.278s] DEBUG:colcon.colcon_core.event_handler.log_command:Invoked command in '/home/vencel/ros2_ws/src/Vonalkovetes-szinfelismeressel-/build/tb3_project' returned '0': CMAKE_PREFIX_PATH=${CMAKE_PREFIX_PATH}:/home/vencel/ros2_ws/install/turtlebot3_teleop:/home/vencel/ros2_ws/install/turtlebot3_example:/home/vencel/ros2_ws/install/turtlebot3_mogi_py:/home/vencel/ros2_ws/install/tb3_project_py:/home/vencel/ros2_ws/install/mogi_trajectory_server:/home/vencel/ros2_ws/install/bme_ros2_tutorials_py:/home/vencel/ros2_ws/install/bme_gazebo_sensors_py:/opt/ros/jazzy DEBUGINFOD_URLS=https://debuginfod.ubuntu.com PS1=(tf) \[\e]0;\u@\h: \w\a\]${debian_chroot:+($debian_chroot)}\[\033[01;32m\]\u@\h\[\033[00m\]:\[\033[01;34m\]\w\[\033[00m\]\$ /usr/bin/cmake --build /home/vencel/ros2_ws/src/Vonalkovetes-szinfelismeressel-/build/tb3_project -- -j8 -l8
[1.287s] DEBUG:colcon.colcon_core.event_handler.log_command:Invoking command in '/home/vencel/ros2_ws/src/Vonalkovetes-szinfelismeressel-/build/tb3_project': CMAKE_PREFIX_PATH=${CMAKE_PREFIX_PATH}:/home/vencel/ros2_ws/install/turtlebot3_teleop:/home/vencel/ros2_ws/install/turtlebot3_example:/home/vencel/ros2_ws/install/turtlebot3_mogi_py:/home/vencel/ros2_ws/install/tb3_project_py:/home/vencel/ros2_ws/install/mogi_trajectory_server:/home/vencel/ros2_ws/install/bme_ros2_tutorials_py:/home/vencel/ros2_ws/install/bme_gazebo_sensors_py:/opt/ros/jazzy DEBUGINFOD_URLS=https://debuginfod.ubuntu.com PS1=(tf) \[\e]0;\u@\h: \w\a\]${debian_chroot:+($debian_chroot)}\[\033[01;32m\]\u@\h\[\033[00m\]:\[\033[01;34m\]\w\[\033[00m\]\$ /usr/bin/cmake --install /home/vencel/ros2_ws/src/Vonalkovetes-szinfelismeressel-/build/tb3_project
[1.325s] Level 1:colcon.colcon_core.environment:create_environment_scripts_only(tb3_project)
[1.326s] DEBUG:colcon.colcon_core.event_handler.log_command:Invoked command in '/home/vencel/ros2_ws/src/Vonalkovetes-szinfelismeressel-/build/tb3_project' returned '0': CMAKE_PREFIX_PATH=${CMAKE_PREFIX_PATH}:/home/vencel/ros2_ws/install/turtlebot3_teleop:/home/vencel/ros2_ws/install/turtlebot3_example:/home/vencel/ros2_ws/install/turtlebot3_mogi_py:/home/vencel/ros2_ws/install/tb3_project_py:/home/vencel/ros2_ws/install/mogi_trajectory_server:/home/vencel/ros2_ws/install/bme_ros2_tutorials_py:/home/vencel/ros2_ws/install/bme_gazebo_sensors_py:/opt/ros/jazzy DEBUGINFOD_URLS=https://debuginfod.ubuntu.com PS1=(tf) \[\e]0;\u@\h: \w\a\]${debian_chroot:+($debian_chroot)}\[\033[01;32m\]\u@\h\[\033[00m\]:\[\033[01;34m\]\w\[\033[00m\]\$ /usr/bin/cmake --install /home/vencel/ros2_ws/src/Vonalkovetes-szinfelismeressel-/build/tb3_project
[1.330s] Level 1:colcon.colcon_core.environment:checking '/home/vencel/ros2_ws/src/Vonalkovetes-szinfelismeressel-/install/tb3_project' for CMake module files
[1.331s] Level 1:colcon.colcon_core.environment:checking '/home/vencel/ros2_ws/src/Vonalkovetes-szinfelismeressel-/install/tb3_project' for CMake config files
[1.331s] Level 1:colcon.colcon_core.shell:create_environment_hook('tb3_project', 'cmake_prefix_path')
[1.331s] INFO:colcon.colcon_core.shell:Creating environment descriptor '/home/vencel/ros2_ws/src/Vonalkovetes-szinfelismeressel-/install/tb3_project/share/tb3_project/hook/cmake_prefix_path.dsv'
[1.332s] INFO:colcon.colcon_core.shell:Creating environment hook '/home/vencel/ros2_ws/src/Vonalkovetes-szinfelismeressel-/install/tb3_project/share/tb3_project/hook/cmake_prefix_path.sh'
[1.333s] Level 1:colcon.colcon_core.environment:checking '/home/vencel/ros2_ws/src/Vonalkovetes-szinfelismeressel-/install/tb3_project/bin'
[1.333s] Level 1:colcon.colcon_core.environment:checking '/home/vencel/ros2_ws/src/Vonalkovetes-szinfelismeressel-/install/tb3_project/lib/pkgconfig/tb3_project.pc'
[1.333s] Level 1:colcon.colcon_core.environment:checking '/home/vencel/ros2_ws/src/Vonalkovetes-szinfelismeressel-/install/tb3_project/lib/python3.12/site-packages'
[1.333s] Level 1:colcon.colcon_core.environment:checking '/home/vencel/ros2_ws/src/Vonalkovetes-szinfelismeressel-/install/tb3_project/bin'
[1.334s] INFO:colcon.colcon_core.shell:Creating package descriptor '/home/vencel/ros2_ws/src/Vonalkovetes-szinfelismeressel-/install/tb3_project/share/tb3_project/package.dsv'
[1.334s] INFO:colcon.colcon_core.shell:Creating package script '/home/vencel/ros2_ws/src/Vonalkovetes-szinfelismeressel-/install/tb3_project/share/tb3_project/package.sh'
[1.335s] INFO:colcon.colcon_core.shell:Creating package script '/home/vencel/ros2_ws/src/Vonalkovetes-szinfelismeressel-/install/tb3_project/share/tb3_project/package.bash'
[1.336s] INFO:colcon.colcon_core.shell:Creating package script '/home/vencel/ros2_ws/src/Vonalkovetes-szinfelismeressel-/install/tb3_project/share/tb3_project/package.zsh'
[1.337s] Level 1:colcon.colcon_core.environment:create_file_with_runtime_dependencies(/home/vencel/ros2_ws/src/Vonalkovetes-szinfelismeressel-/install/tb3_project/share/colcon-core/packages/tb3_project)
[1.338s] Level 1:colcon.colcon_core.environment:create_environment_scripts_only(tb3_project)
[1.338s] Level 1:colcon.colcon_core.environment:checking '/home/vencel/ros2_ws/src/Vonalkovetes-szinfelismeressel-/install/tb3_project' for CMake module files
[1.339s] Level 1:colcon.colcon_core.environment:checking '/home/vencel/ros2_ws/src/Vonalkovetes-szinfelismeressel-/install/tb3_project' for CMake config files
[1.339s] Level 1:colcon.colcon_core.shell:create_environment_hook('tb3_project', 'cmake_prefix_path')
[1.339s] INFO:colcon.colcon_core.shell:Creating environment descriptor '/home/vencel/ros2_ws/src/Vonalkovetes-szinfelismeressel-/install/tb3_project/share/tb3_project/hook/cmake_prefix_path.dsv'
[1.340s] INFO:colcon.colcon_core.shell:Creating environment hook '/home/vencel/ros2_ws/src/Vonalkovetes-szinfelismeressel-/install/tb3_project/share/tb3_project/hook/cmake_prefix_path.sh'
[1.340s] Level 1:colcon.colcon_core.environment:checking '/home/vencel/ros2_ws/src/Vonalkovetes-szinfelismeressel-/install/tb3_project/bin'
[1.340s] Level 1:colcon.colcon_core.environment:checking '/home/vencel/ros2_ws/src/Vonalkovetes-szinfelismeressel-/install/tb3_project/lib/pkgconfig/tb3_project.pc'
[1.341s] Level 1:colcon.colcon_core.environment:checking '/home/vencel/ros2_ws/src/Vonalkovetes-szinfelismeressel-/install/tb3_project/lib/python3.12/site-packages'
[1.341s] Level 1:colcon.colcon_core.environment:checking '/home/vencel/ros2_ws/src/Vonalkovetes-szinfelismeressel-/install/tb3_project/bin'
[1.341s] INFO:colcon.colcon_core.shell:Creating package descriptor '/home/vencel/ros2_ws/src/Vonalkovetes-szinfelismeressel-/install/tb3_project/share/tb3_project/package.dsv'
[1.342s] INFO:colcon.colcon_core.shell:Creating package script '/home/vencel/ros2_ws/src/Vonalkovetes-szinfelismeressel-/install/tb3_project/share/tb3_project/package.sh'
[1.342s] INFO:colcon.colcon_core.shell:Creating package script '/home/vencel/ros2_ws/src/Vonalkovetes-szinfelismeressel-/install/tb3_project/share/tb3_project/package.bash'
[1.343s] INFO:colcon.colcon_core.shell:Creating package script '/home/vencel/ros2_ws/src/Vonalkovetes-szinfelismeressel-/install/tb3_project/share/tb3_project/package.zsh'
[1.343s] Level 1:colcon.colcon_core.environment:create_file_with_runtime_dependencies(/home/vencel/ros2_ws/src/Vonalkovetes-szinfelismeressel-/install/tb3_project/share/colcon-core/packages/tb3_project)
[1.369s] DEBUG:colcon.colcon_core.event_handler.log_command:Invoking command in '/home/vencel/ros2_ws/src/Vonalkovetes-szinfelismeressel-/tb3_project_py': DEBUGINFOD_URLS=https://debuginfod.ubuntu.com PS1=(tf) \[\e]0;\u@\h: \w\a\]${debian_chroot:+($debian_chroot)}\[\033[01;32m\]\u@\h\[\033[00m\]:\[\033[01;34m\]\w\[\033[00m\]\$ PYTHONPATH=/home/vencel/ros2_ws/src/Vonalkovetes-szinfelismeressel-/build/tb3_project_py/prefix_override:/usr/lib/python3/dist-packages/colcon_core/task/python/colcon_distutils_commands:/home/vencel/ros2_ws/src/Vonalkovetes-szinfelismeressel-/install/tb3_project_py/lib/python3.12/site-packages:${PYTHONPATH} /usr/bin/python3 -W ignore:setup.py install is deprecated -W ignore:easy_install command is deprecated setup.py egg_info --egg-base ../build/tb3_project_py build --build-base /home/vencel/ros2_ws/src/Vonalkovetes-szinfelismeressel-/build/tb3_project_py/build install --record /home/vencel/ros2_ws/src/Vonalkovetes-szinfelismeressel-/build/tb3_project_py/install.log --single-version-externally-managed install_data
[1.966s] Level 1:colcon.colcon_core.environment:checking '/home/vencel/ros2_ws/src/Vonalkovetes-szinfelismeressel-/install/tb3_project_py' for CMake module files
[1.966s] DEBUG:colcon.colcon_core.event_handler.log_command:Invoked command in '/home/vencel/ros2_ws/src/Vonalkovetes-szinfelismeressel-/tb3_project_py' returned '0': DEBUGINFOD_URLS=https://debuginfod.ubuntu.com PS1=(tf) \[\e]0;\u@\h: \w\a\]${debian_chroot:+($debian_chroot)}\[\033[01;32m\]\u@\h\[\033[00m\]:\[\033[01;34m\]\w\[\033[00m\]\$ PYTHONPATH=/home/vencel/ros2_ws/src/Vonalkovetes-szinfelismeressel-/build/tb3_project_py/prefix_override:/usr/lib/python3/dist-packages/colcon_core/task/python/colcon_distutils_commands:/home/vencel/ros2_ws/src/Vonalkovetes-szinfelismeressel-/install/tb3_project_py/lib/python3.12/site-packages:${PYTHONPATH} /usr/bin/python3 -W ignore:setup.py install is deprecated -W ignore:easy_install command is deprecated setup.py egg_info --egg-base ../build/tb3_project_py build --build-base /home/vencel/ros2_ws/src/Vonalkovetes-szinfelismeressel-/build/tb3_project_py/build install --record /home/vencel/ros2_ws/src/Vonalkovetes-szinfelismeressel-/build/tb3_project_py/install.log --single-version-externally-managed install_data
[1.967s] Level 1:colcon.colcon_core.environment:checking '/home/vencel/ros2_ws/src/Vonalkovetes-szinfelismeressel-/install/tb3_project_py' for CMake config files
[1.967s] Level 1:colcon.colcon_core.environment:checking '/home/vencel/ros2_ws/src/Vonalkovetes-szinfelismeressel-/install/tb3_project_py/lib'
[1.968s] Level 1:colcon.colcon_core.environment:checking '/home/vencel/ros2_ws/src/Vonalkovetes-szinfelismeressel-/install/tb3_project_py/bin'
[1.968s] Level 1:colcon.colcon_core.environment:checking '/home/vencel/ros2_ws/src/Vonalkovetes-szinfelismeressel-/install/tb3_project_py/lib/pkgconfig/tb3_project_py.pc'
[1.968s] Level 1:colcon.colcon_core.environment:checking '/home/vencel/ros2_ws/src/Vonalkovetes-szinfelismeressel-/install/tb3_project_py/lib/python3.12/site-packages'
[1.968s] Level 1:colcon.colcon_core.shell:create_environment_hook('tb3_project_py', 'pythonpath')
[1.968s] INFO:colcon.colcon_core.shell:Creating environment descriptor '/home/vencel/ros2_ws/src/Vonalkovetes-szinfelismeressel-/install/tb3_project_py/share/tb3_project_py/hook/pythonpath.dsv'
[1.969s] INFO:colcon.colcon_core.shell:Creating environment hook '/home/vencel/ros2_ws/src/Vonalkovetes-szinfelismeressel-/install/tb3_project_py/share/tb3_project_py/hook/pythonpath.sh'
[1.970s] Level 1:colcon.colcon_core.environment:checking '/home/vencel/ros2_ws/src/Vonalkovetes-szinfelismeressel-/install/tb3_project_py/bin'
[1.970s] Level 1:colcon.colcon_core.environment:create_environment_scripts_only(tb3_project_py)
[1.970s] INFO:colcon.colcon_core.shell:Creating package descriptor '/home/vencel/ros2_ws/src/Vonalkovetes-szinfelismeressel-/install/tb3_project_py/share/tb3_project_py/package.dsv'
[1.970s] INFO:colcon.colcon_core.shell:Creating package script '/home/vencel/ros2_ws/src/Vonalkovetes-szinfelismeressel-/install/tb3_project_py/share/tb3_project_py/package.sh'
[1.971s] INFO:colcon.colcon_core.shell:Creating package script '/home/vencel/ros2_ws/src/Vonalkovetes-szinfelismeressel-/install/tb3_project_py/share/tb3_project_py/package.bash'
[1.971s] INFO:colcon.colcon_core.shell:Creating package script '/home/vencel/ros2_ws/src/Vonalkovetes-szinfelismeressel-/install/tb3_project_py/share/tb3_project_py/package.zsh'
[1.971s] Level 1:colcon.colcon_core.environment:create_file_with_runtime_dependencies(/home/vencel/ros2_ws/src/Vonalkovetes-szinfelismeressel-/install/tb3_project_py/share/colcon-core/packages/tb3_project_py)
[1.972s] DEBUG:colcon.colcon_parallel_executor.executor.parallel:closing loop
[1.972s] DEBUG:colcon.colcon_parallel_executor.executor.parallel:loop closed
[1.972s] DEBUG:colcon.colcon_parallel_executor.executor.parallel:run_until_complete finished with '0'
[1.973s] DEBUG:colcon.colcon_core.event_reactor:joining thread
[1.996s] INFO:colcon.colcon_core.plugin_system:Skipping extension 'colcon_notification.desktop_notification.terminal_notifier': Not used on non-Darwin systems
[1.996s] INFO:colcon.colcon_core.plugin_system:Skipping extension 'colcon_notification.desktop_notification.win32': Not used on non-Windows systems
[1.996s] INFO:colcon.colcon_notification.desktop_notification:Sending desktop notification using 'notify2'
[2.012s] DEBUG:colcon.colcon_core.event_reactor:joined thread
[2.013s] INFO:colcon.colcon_core.shell:Creating prefix script '/home/vencel/ros2_ws/src/Vonalkovetes-szinfelismeressel-/install/local_setup.sh'
[2.014s] INFO:colcon.colcon_core.shell:Creating prefix util module '/home/vencel/ros2_ws/src/Vonalkovetes-szinfelismeressel-/install/_local_setup_util_sh.py'
[2.015s] INFO:colcon.colcon_core.shell:Creating prefix chain script '/home/vencel/ros2_ws/src/Vonalkovetes-szinfelismeressel-/install/setup.sh'
[2.017s] INFO:colcon.colcon_core.shell:Creating prefix script '/home/vencel/ros2_ws/src/Vonalkovetes-szinfelismeressel-/install/local_setup.bash'
[2.018s] INFO:colcon.colcon_core.shell:Creating prefix chain script '/home/vencel/ros2_ws/src/Vonalkovetes-szinfelismeressel-/install/setup.bash'
[2.021s] INFO:colcon.colcon_core.shell:Creating prefix script '/home/vencel/ros2_ws/src/Vonalkovetes-szinfelismeressel-/install/local_setup.zsh'
[2.022s] INFO:colcon.colcon_core.shell:Creating prefix chain script '/home/vencel/ros2_ws/src/Vonalkovetes-szinfelismeressel-/install/setup.zsh'
